<?xml version="1.0" encoding="UTF-8"?>
<!-- Generated by org.testng.reporters.JUnitReportReporter -->
<testsuite hostname="DESKTOP-NJIDS5E" failures="0" tests="1" name="loginFunctionality.LoginFunctionality" time="86.231" errors="0" timestamp="2024-07-16T20:25:29 IST" skipped="0">
  <testcase classname="loginFunctionality.LoginFunctionality" name="loginFuctionalityTest" time="86.231"/>
</testsuite> <!-- loginFunctionality.LoginFunctionality -->
